Using pre-set license
Built from '6000.0/staging' branch; Version is '6000.0.23f1 (1c4764c07fb4) revision 1853284'; Using compiler version '193933523'; Build Type 'Release'
OS: 'Windows 11  (10.0.22631) 64bit Core' Language: 'en' Physical Memory: 16295 MB
BatchMode: 1, IsHumanControllingUs: 0, StartBugReporterOnCrash: 0, Is64bit: 1, IsPro: 1

COMMAND LINE ARGUMENTS:
C:\Program Files\Unity\Hub\Editor\6000.0.23f1\Editor\Unity.exe
-adb2
-batchMode
-noUpm
-name
AssetImportWorker1
-projectPath
C:/Users/Lukas/Nightmare's Grasp
-logFile
Logs/AssetImportWorker1.log
-srvPort
60726
-job-worker-count
5
-background-job-worker-count
8
-asset-garbage-collectors
1
Successfully changed project path to: C:/Users/Lukas/Nightmare's Grasp
C:/Users/Lukas/Nightmare's Grasp
[UnityMemory] Configuration Parameters - Can be set up in boot.config
    "memorysetup-bucket-allocator-granularity=16"
    "memorysetup-bucket-allocator-bucket-count=8"
    "memorysetup-bucket-allocator-block-size=33554432"
    "memorysetup-bucket-allocator-block-count=8"
    "memorysetup-main-allocator-block-size=16777216"
    "memorysetup-thread-allocator-block-size=16777216"
    "memorysetup-gfx-main-allocator-block-size=16777216"
    "memorysetup-gfx-thread-allocator-block-size=16777216"
    "memorysetup-cache-allocator-block-size=4194304"
    "memorysetup-typetree-allocator-block-size=2097152"
    "memorysetup-profiler-bucket-allocator-granularity=16"
    "memorysetup-profiler-bucket-allocator-bucket-count=8"
    "memorysetup-profiler-bucket-allocator-block-size=33554432"
    "memorysetup-profiler-bucket-allocator-block-count=8"
    "memorysetup-profiler-allocator-block-size=16777216"
    "memorysetup-profiler-editor-allocator-block-size=1048576"
    "memorysetup-temp-allocator-size-main=16777216"
    "memorysetup-job-temp-allocator-block-size=2097152"
    "memorysetup-job-temp-allocator-block-size-background=1048576"
    "memorysetup-job-temp-allocator-reduction-small-platforms=262144"
    "memorysetup-allocator-temp-initial-block-size-main=262144"
    "memorysetup-allocator-temp-initial-block-size-worker=262144"
    "memorysetup-temp-allocator-size-background-worker=32768"
    "memorysetup-temp-allocator-size-job-worker=262144"
    "memorysetup-temp-allocator-size-preload-manager=33554432"
    "memorysetup-temp-allocator-size-nav-mesh-worker=65536"
    "memorysetup-temp-allocator-size-audio-worker=65536"
    "memorysetup-temp-allocator-size-cloud-worker=32768"
    "memorysetup-temp-allocator-size-gi-baking-worker=262144"
    "memorysetup-temp-allocator-size-gi-baking-worker=262144"
    "memorysetup-temp-allocator-size-gi-baking-worker=262144"
    "memorysetup-temp-allocator-size-gi-baking-worker=262144"
    "memorysetup-temp-allocator-size-gi-baking-worker=262144"
    "memorysetup-temp-allocator-size-gfx=262144"
Player connection [63600]  Target information:

Player connection [63600]  * "[IP] 192.168.1.6 [Port] 0 [Flags] 2 [Guid] 501940592 [EditorId] 501940592 [Version] 1048832 [Id] WindowsEditor(7,Aniki-PC) [Debug] 1 [PackageName] WindowsEditor [ProjectName] Editor" 

Player connection [63600] Host joined multi-casting on [225.0.0.222:54997]...
Player connection [63600] Host joined alternative multi-casting on [225.0.0.222:34997]...
JobSystem: Creating JobQueue using job-worker-count value 5
[Physics::Module] Initialized fallback backend.
[Physics::Module] Id: 0xdecafbad
Library Redirect Path: Library/
[Physics::Module] Selected backend.
[Physics::Module] Name: PhysX
[Physics::Module] Id: 0xf2b8ea05
[Physics::Module] SDK Version: 4.1.2
[Physics::Module] Integration Version: 1.0.0
[Physics::Module] Threading Mode: Multi-Threaded
Refreshing native plugins compatible for Editor in 2.74 ms, found 4 plugins.
Preloading 0 native plugins for Editor in 0.00 ms.
Initialize engine version: 6000.0.23f1 (1c4764c07fb4)
[Subsystems] Discovering subsystems at path C:/Program Files/Unity/Hub/Editor/6000.0.23f1/Editor/Data/Resources/UnitySubsystems
[Subsystems] Discovering subsystems at path C:/Users/Lukas/Nightmare's Grasp/Assets
GfxDevice: creating device client; kGfxThreadingModeNonThreaded
Direct3D:
    Version:  Direct3D 11.0 [level 11.1]
    Renderer: NVIDIA GeForce RTX 3060 (ID=0x2504)
    Vendor:   NVIDIA
    VRAM:     12115 MB
    Driver:   32.0.15.6109
Initialize mono
Mono path[0] = 'C:/Program Files/Unity/Hub/Editor/6000.0.23f1/Editor/Data/Managed'
Mono path[1] = 'C:/Program Files/Unity/Hub/Editor/6000.0.23f1/Editor/Data/MonoBleedingEdge/lib/mono/unityjit-win32'
Mono config path = 'C:/Program Files/Unity/Hub/Editor/6000.0.23f1/Editor/Data/MonoBleedingEdge/etc'
Using monoOptions --debugger-agent=transport=dt_socket,embedding=1,server=y,suspend=n,address=127.0.0.1:56400
Begin MonoManager ReloadAssembly
Registering precompiled unity dll's ...
Register platform support module: C:/Program Files/Unity/Hub/Editor/6000.0.23f1/Editor/Data/PlaybackEngines/WindowsStandaloneSupport/UnityEditor.WindowsStandalone.Extensions.dll
Registered in 0.005160 seconds.
- Loaded All Assemblies, in  0.427 seconds
Native extension for WindowsStandalone target not found
Mono: successfully reloaded assembly
- Finished resetting the current domain, in  0.392 seconds
Domain Reload Profiling: 816ms
	BeginReloadAssembly (154ms)
		ExecutionOrderSort (0ms)
		DisableScriptedObjects (0ms)
		BackupInstance (0ms)
		ReleaseScriptingObjects (0ms)
		CreateAndSetChildDomain (1ms)
	RebuildCommonClasses (45ms)
	RebuildNativeTypeToScriptingClass (14ms)
	initialDomainReloadingComplete (57ms)
	LoadAllAssembliesAndSetupDomain (154ms)
		LoadAssemblies (149ms)
		RebuildTransferFunctionScriptingTraits (0ms)
		AnalyzeDomain (151ms)
			TypeCache.Refresh (150ms)
				TypeCache.ScanAssembly (138ms)
			BuildScriptInfoCaches (0ms)
			ResolveRequiredComponents (0ms)
	FinalizeReload (393ms)
		ReleaseScriptCaches (0ms)
		RebuildScriptCaches (0ms)
		SetupLoadedEditorAssemblies (354ms)
			LogAssemblyErrors (0ms)
			InitializePlatformSupportModulesInManaged (28ms)
			SetLoadedEditorAssemblies (5ms)
			BeforeProcessingInitializeOnLoad (6ms)
			ProcessInitializeOnLoadAttributes (227ms)
			ProcessInitializeOnLoadMethodAttributes (83ms)
			AfterProcessingInitializeOnLoad (4ms)
			EditorAssembliesLoaded (0ms)
		ExecutionOrderSort2 (0ms)
		AwakeInstancesAfterBackupRestoration (0ms)
========================================================================
Worker process is ready to serve import requests
Import Worker Mode flag is 0x00
Begin MonoManager ReloadAssembly
- Loaded All Assemblies, in  1.229 seconds
Refreshing native plugins compatible for Editor in 3.00 ms, found 4 plugins.
Native extension for WindowsStandalone target not found
Mono: successfully reloaded assembly
- Finished resetting the current domain, in  0.805 seconds
Domain Reload Profiling: 2027ms
	BeginReloadAssembly (508ms)
		ExecutionOrderSort (0ms)
		DisableScriptedObjects (7ms)
		BackupInstance (0ms)
		ReleaseScriptingObjects (0ms)
		CreateAndSetChildDomain (36ms)
	RebuildCommonClasses (37ms)
	RebuildNativeTypeToScriptingClass (15ms)
	initialDomainReloadingComplete (42ms)
	LoadAllAssembliesAndSetupDomain (620ms)
		LoadAssemblies (483ms)
		RebuildTransferFunctionScriptingTraits (0ms)
		AnalyzeDomain (256ms)
			TypeCache.Refresh (195ms)
				TypeCache.ScanAssembly (178ms)
			BuildScriptInfoCaches (53ms)
			ResolveRequiredComponents (4ms)
	FinalizeReload (805ms)
		ReleaseScriptCaches (0ms)
		RebuildScriptCaches (0ms)
		SetupLoadedEditorAssemblies (564ms)
			LogAssemblyErrors (0ms)
			InitializePlatformSupportModulesInManaged (3ms)
			SetLoadedEditorAssemblies (4ms)
			BeforeProcessingInitializeOnLoad (75ms)
			ProcessInitializeOnLoadAttributes (425ms)
			ProcessInitializeOnLoadMethodAttributes (47ms)
			AfterProcessingInitializeOnLoad (9ms)
			EditorAssembliesLoaded (0ms)
		ExecutionOrderSort2 (0ms)
		AwakeInstancesAfterBackupRestoration (10ms)
Launched and connected shader compiler UnityShaderCompiler.exe after 0.01 seconds
Refreshing native plugins compatible for Editor in 2.37 ms, found 4 plugins.
Preloading 0 native plugins for Editor in 0.00 ms.
Unloading 14 Unused Serialized files (Serialized files now loaded: 0)
Unloading 4348 unused Assets / (1.2 MB). Loaded Objects now: 4934.
Memory consumption went from 116.1 MB to 115.0 MB.
Total: 8.494600 ms (FindLiveObjects: 0.467300 ms CreateObjectMapping: 0.890600 ms MarkObjects: 5.737700 ms  DeleteObjects: 1.397600 ms)

========================================================================
Received Import Request.
  Time since last request: 1313266.168597 seconds.
  path: Assets/Gutty Kreum/Free Japanese City Game Assets/Tiles/Tilemap_80.asset
  artifactKey: Guid(1e5f7cf01baccaa499514f561f2b9695) Importer(815301076,1909f56bfc062723c751e8b465ee728b)
Start importing Assets/Gutty Kreum/Free Japanese City Game Assets/Tiles/Tilemap_80.asset using Guid(1e5f7cf01baccaa499514f561f2b9695) Importer(815301076,1909f56bfc062723c751e8b465ee728b) (PreviewImporter) -> (artifact id: '3255f3cc9cba17fcf4466346c96fdda3') in 0.1119338 seconds
Number of updated asset objects reloaded before import = 0Number of asset objects unloaded after import = 3

========================================================================
Received Import Request.
  Time since last request: 0.000025 seconds.
  path: Assets/Gutty Kreum/Free Japanese City Game Assets/Tiles/Tilemap_55.asset
  artifactKey: Guid(f6003ad19fce9dd4fbc4d563c522eb85) Importer(815301076,1909f56bfc062723c751e8b465ee728b)
Start importing Assets/Gutty Kreum/Free Japanese City Game Assets/Tiles/Tilemap_55.asset using Guid(f6003ad19fce9dd4fbc4d563c522eb85) Importer(815301076,1909f56bfc062723c751e8b465ee728b) (PreviewImporter) -> (artifact id: '37d865ee38bd15b2ae94543e5624cefa') in 0.0182683 seconds
Number of updated asset objects reloaded before import = 0Number of asset objects unloaded after import = 3

========================================================================
Received Import Request.
  Time since last request: 0.000021 seconds.
  path: Assets/Gutty Kreum/Free Japanese City Game Assets/Tiles/Tilemap_7.asset
  artifactKey: Guid(920995da5482b9f479ee4a9489cfe0cd) Importer(815301076,1909f56bfc062723c751e8b465ee728b)
Start importing Assets/Gutty Kreum/Free Japanese City Game Assets/Tiles/Tilemap_7.asset using Guid(920995da5482b9f479ee4a9489cfe0cd) Importer(815301076,1909f56bfc062723c751e8b465ee728b) (PreviewImporter) -> (artifact id: 'b5a1a38bffd6aec0be9a19aeed0c23b8') in 0.0131429 seconds
Number of updated asset objects reloaded before import = 0Number of asset objects unloaded after import = 3

========================================================================
Received Import Request.
  Time since last request: 0.000021 seconds.
  path: Assets/Gutty Kreum/Free Japanese City Game Assets/Tiles/Tilemap_37.asset
  artifactKey: Guid(ab41e000635eac240abe438c115661ae) Importer(815301076,1909f56bfc062723c751e8b465ee728b)
Start importing Assets/Gutty Kreum/Free Japanese City Game Assets/Tiles/Tilemap_37.asset using Guid(ab41e000635eac240abe438c115661ae) Importer(815301076,1909f56bfc062723c751e8b465ee728b) (PreviewImporter) -> (artifact id: '43382282af7ca01aa8c257936e13c68e') in 0.0153038 seconds
Number of updated asset objects reloaded before import = 0Number of asset objects unloaded after import = 3

========================================================================
Received Import Request.
  Time since last request: 0.000022 seconds.
  path: Assets/Gutty Kreum/Free Japanese City Game Assets/Tiles/Tilemap_53.asset
  artifactKey: Guid(de3f0da7737216f499b81de5401be29e) Importer(815301076,1909f56bfc062723c751e8b465ee728b)
Start importing Assets/Gutty Kreum/Free Japanese City Game Assets/Tiles/Tilemap_53.asset using Guid(de3f0da7737216f499b81de5401be29e) Importer(815301076,1909f56bfc062723c751e8b465ee728b) (PreviewImporter) -> (artifact id: '9ac35da722cf89a360f04368a324b6c4') in 0.0140948 seconds
Number of updated asset objects reloaded before import = 0Number of asset objects unloaded after import = 3

========================================================================
Received Import Request.
  Time since last request: 0.000020 seconds.
  path: Assets/Gutty Kreum/Free Japanese City Game Assets/Tiles/Tilemap_2.asset
  artifactKey: Guid(c805a490b4fd6264a897c4a63defc780) Importer(815301076,1909f56bfc062723c751e8b465ee728b)
Start importing Assets/Gutty Kreum/Free Japanese City Game Assets/Tiles/Tilemap_2.asset using Guid(c805a490b4fd6264a897c4a63defc780) Importer(815301076,1909f56bfc062723c751e8b465ee728b) (PreviewImporter) -> (artifact id: 'b0590a7060b0e755d09506e4018c25de') in 0.0126028 seconds
Number of updated asset objects reloaded before import = 0Number of asset objects unloaded after import = 3

========================================================================
Received Import Request.
  Time since last request: 0.000028 seconds.
  path: Assets/Gutty Kreum/Free Japanese City Game Assets/Tiles/Tilemap_1.asset
  artifactKey: Guid(2afdce90792f7c4409470533c5b16781) Importer(815301076,1909f56bfc062723c751e8b465ee728b)
Start importing Assets/Gutty Kreum/Free Japanese City Game Assets/Tiles/Tilemap_1.asset using Guid(2afdce90792f7c4409470533c5b16781) Importer(815301076,1909f56bfc062723c751e8b465ee728b) (PreviewImporter) -> (artifact id: 'a416adf6fc91cef967727564fbeaa398') in 0.0139531 seconds
Number of updated asset objects reloaded before import = 0Number of asset objects unloaded after import = 3

========================================================================
Received Import Request.
  Time since last request: 0.000019 seconds.
  path: Assets/Gutty Kreum/Free Japanese City Game Assets/Tiles/Tilemap_54.asset
  artifactKey: Guid(40a3a4ef0e7580048b499694de5294bf) Importer(815301076,1909f56bfc062723c751e8b465ee728b)
Start importing Assets/Gutty Kreum/Free Japanese City Game Assets/Tiles/Tilemap_54.asset using Guid(40a3a4ef0e7580048b499694de5294bf) Importer(815301076,1909f56bfc062723c751e8b465ee728b) (PreviewImporter) -> (artifact id: '0ce10d0be551f7bf49810e0c455c1807') in 0.0137649 seconds
Number of updated asset objects reloaded before import = 0Number of asset objects unloaded after import = 3

========================================================================
Received Import Request.
  Time since last request: 0.000020 seconds.
  path: Assets/Gutty Kreum/Free Japanese City Game Assets/Tiles/Tilemap_39.asset
  artifactKey: Guid(8f4e074c2b66391488b429475dc7a339) Importer(815301076,1909f56bfc062723c751e8b465ee728b)
Start importing Assets/Gutty Kreum/Free Japanese City Game Assets/Tiles/Tilemap_39.asset using Guid(8f4e074c2b66391488b429475dc7a339) Importer(815301076,1909f56bfc062723c751e8b465ee728b) (PreviewImporter) -> (artifact id: '5c03a882498ee13da94efcffa4173388') in 0.0139008 seconds
Number of updated asset objects reloaded before import = 0Number of asset objects unloaded after import = 3

========================================================================
Received Import Request.
  Time since last request: 0.000026 seconds.
  path: Assets/Gutty Kreum/Free Japanese City Game Assets/Tiles/Tilemap_42.asset
  artifactKey: Guid(506530cb19bf88c4ba4a8a67f8552d13) Importer(815301076,1909f56bfc062723c751e8b465ee728b)
Start importing Assets/Gutty Kreum/Free Japanese City Game Assets/Tiles/Tilemap_42.asset using Guid(506530cb19bf88c4ba4a8a67f8552d13) Importer(815301076,1909f56bfc062723c751e8b465ee728b) (PreviewImporter) -> (artifact id: 'ea363c2b69973db4f3029e66b5f3e6dc') in 0.0121577 seconds
Number of updated asset objects reloaded before import = 0Number of asset objects unloaded after import = 3

========================================================================
Received Import Request.
  Time since last request: 0.000016 seconds.
  path: Assets/Gutty Kreum/Free Japanese City Game Assets/Tiles/Tilemap_51.asset
  artifactKey: Guid(4f9b6a59302e58f4c87d98d44e68d749) Importer(815301076,1909f56bfc062723c751e8b465ee728b)
Start importing Assets/Gutty Kreum/Free Japanese City Game Assets/Tiles/Tilemap_51.asset using Guid(4f9b6a59302e58f4c87d98d44e68d749) Importer(815301076,1909f56bfc062723c751e8b465ee728b) (PreviewImporter) -> (artifact id: '31e265428e2d21952bdab1534112f935') in 0.0144463 seconds
Number of updated asset objects reloaded before import = 0Number of asset objects unloaded after import = 3

========================================================================
Received Import Request.
  Time since last request: 0.000022 seconds.
  path: Assets/Gutty Kreum/Free Japanese City Game Assets/Tiles/Tilemap_16.asset
  artifactKey: Guid(9b5a873a9254172458e33c5c861243fa) Importer(815301076,1909f56bfc062723c751e8b465ee728b)
Start importing Assets/Gutty Kreum/Free Japanese City Game Assets/Tiles/Tilemap_16.asset using Guid(9b5a873a9254172458e33c5c861243fa) Importer(815301076,1909f56bfc062723c751e8b465ee728b) (PreviewImporter) -> (artifact id: 'f0eb5347acf41feb5ccfd21fef71b21a') in 0.0121926 seconds
Number of updated asset objects reloaded before import = 0Number of asset objects unloaded after import = 3

========================================================================
Received Import Request.
  Time since last request: 0.000017 seconds.
  path: Assets/Gutty Kreum/Free Japanese City Game Assets/Tiles/Tilemap_35.asset
  artifactKey: Guid(602519a0f0b20c346b0ac1faa979ba17) Importer(815301076,1909f56bfc062723c751e8b465ee728b)
Start importing Assets/Gutty Kreum/Free Japanese City Game Assets/Tiles/Tilemap_35.asset using Guid(602519a0f0b20c346b0ac1faa979ba17) Importer(815301076,1909f56bfc062723c751e8b465ee728b) (PreviewImporter) -> (artifact id: '5d5c684233fc028384e1dab933bf2c72') in 0.013601 seconds
Number of updated asset objects reloaded before import = 0Number of asset objects unloaded after import = 3

========================================================================
Received Import Request.
  Time since last request: 0.000015 seconds.
  path: Assets/Gutty Kreum/Free Japanese City Game Assets/Tiles/Tilemap_69.asset
  artifactKey: Guid(9ce8806082ca0ec49a9c1ec1466740de) Importer(815301076,1909f56bfc062723c751e8b465ee728b)
Start importing Assets/Gutty Kreum/Free Japanese City Game Assets/Tiles/Tilemap_69.asset using Guid(9ce8806082ca0ec49a9c1ec1466740de) Importer(815301076,1909f56bfc062723c751e8b465ee728b) (PreviewImporter) -> (artifact id: '33f44260970e2b6619225d8c920cdb34') in 0.0123275 seconds
Number of updated asset objects reloaded before import = 0Number of asset objects unloaded after import = 3

========================================================================
Received Import Request.
  Time since last request: 0.000016 seconds.
  path: Assets/Gutty Kreum/Free Japanese City Game Assets/Tiles/Tilemap_61.asset
  artifactKey: Guid(a4e7445aef955c7449e1b67f33c1564b) Importer(815301076,1909f56bfc062723c751e8b465ee728b)
Start importing Assets/Gutty Kreum/Free Japanese City Game Assets/Tiles/Tilemap_61.asset using Guid(a4e7445aef955c7449e1b67f33c1564b) Importer(815301076,1909f56bfc062723c751e8b465ee728b) (PreviewImporter) -> (artifact id: '890c295c979919eb2eb9c0af8f78be28') in 0.0126315 seconds
Number of updated asset objects reloaded before import = 0Number of asset objects unloaded after import = 3

========================================================================
Received Import Request.
  Time since last request: 0.000022 seconds.
  path: Assets/Gutty Kreum/Free Japanese City Game Assets/Tiles/Tilemap_57.asset
  artifactKey: Guid(0b6a7ef804eb6fb47806949a1881bc9f) Importer(815301076,1909f56bfc062723c751e8b465ee728b)
Start importing Assets/Gutty Kreum/Free Japanese City Game Assets/Tiles/Tilemap_57.asset using Guid(0b6a7ef804eb6fb47806949a1881bc9f) Importer(815301076,1909f56bfc062723c751e8b465ee728b) (PreviewImporter) -> (artifact id: '9584e72776f5168d3acf123f479a8634') in 0.0137752 seconds
Number of updated asset objects reloaded before import = 0Number of asset objects unloaded after import = 3

========================================================================
Received Import Request.
  Time since last request: 0.000017 seconds.
  path: Assets/Gutty Kreum/Free Japanese City Game Assets/Tiles/Tilemap_64.asset
  artifactKey: Guid(ed0a216c48f543e4394723433c67f893) Importer(815301076,1909f56bfc062723c751e8b465ee728b)
Start importing Assets/Gutty Kreum/Free Japanese City Game Assets/Tiles/Tilemap_64.asset using Guid(ed0a216c48f543e4394723433c67f893) Importer(815301076,1909f56bfc062723c751e8b465ee728b) (PreviewImporter) -> (artifact id: '2486c9dcdd2e89d52c284f1f3cfc8334') in 0.011874 seconds
Number of updated asset objects reloaded before import = 0Number of asset objects unloaded after import = 3

========================================================================
Received Import Request.
  Time since last request: 0.000015 seconds.
  path: Assets/Gutty Kreum/Free Japanese City Game Assets/Tiles/Tilemap_6.asset
  artifactKey: Guid(8c9a76519d7b4304fb754eaf98d626a1) Importer(815301076,1909f56bfc062723c751e8b465ee728b)
Start importing Assets/Gutty Kreum/Free Japanese City Game Assets/Tiles/Tilemap_6.asset using Guid(8c9a76519d7b4304fb754eaf98d626a1) Importer(815301076,1909f56bfc062723c751e8b465ee728b) (PreviewImporter) -> (artifact id: '1ec2f1354b5ebc7fe588f5ee55716984') in 0.0136047 seconds
Number of updated asset objects reloaded before import = 0Number of asset objects unloaded after import = 3

========================================================================
Received Import Request.
  Time since last request: 0.000017 seconds.
  path: Assets/Gutty Kreum/Free Japanese City Game Assets/Tiles/Tilemap_36.asset
  artifactKey: Guid(92d575c33da7c0442b7ac36d611d36d9) Importer(815301076,1909f56bfc062723c751e8b465ee728b)
Start importing Assets/Gutty Kreum/Free Japanese City Game Assets/Tiles/Tilemap_36.asset using Guid(92d575c33da7c0442b7ac36d611d36d9) Importer(815301076,1909f56bfc062723c751e8b465ee728b) (PreviewImporter) -> (artifact id: '1ea1317b412bdfbd19dc86d7be237c30') in 0.0126315 seconds
Number of updated asset objects reloaded before import = 0Number of asset objects unloaded after import = 3

========================================================================
Received Import Request.
  Time since last request: 0.000021 seconds.
  path: Assets/Gutty Kreum/Free Japanese City Game Assets/Tiles/Tilemap_76.asset
  artifactKey: Guid(c5ec4a758ec2b4d4e9ad4d33c1bdaacc) Importer(815301076,1909f56bfc062723c751e8b465ee728b)
Start importing Assets/Gutty Kreum/Free Japanese City Game Assets/Tiles/Tilemap_76.asset using Guid(c5ec4a758ec2b4d4e9ad4d33c1bdaacc) Importer(815301076,1909f56bfc062723c751e8b465ee728b) (PreviewImporter) -> (artifact id: 'f41b8973b3a2c1df88a6dde2b71f8ded') in 0.0123077 seconds
Number of updated asset objects reloaded before import = 0Number of asset objects unloaded after import = 3

========================================================================
Received Import Request.
  Time since last request: 0.000026 seconds.
  path: Assets/Gutty Kreum/Free Japanese City Game Assets/Tiles/Tilemap_63.asset
  artifactKey: Guid(a8f7eb44f47e50e4899fdd1b755dba7e) Importer(815301076,1909f56bfc062723c751e8b465ee728b)
Start importing Assets/Gutty Kreum/Free Japanese City Game Assets/Tiles/Tilemap_63.asset using Guid(a8f7eb44f47e50e4899fdd1b755dba7e) Importer(815301076,1909f56bfc062723c751e8b465ee728b) (PreviewImporter) -> (artifact id: '4302bd448e62b4c642bfc7f84b5f7075') in 0.0123063 seconds
Number of updated asset objects reloaded before import = 0Number of asset objects unloaded after import = 3

========================================================================
Received Import Request.
  Time since last request: 0.000021 seconds.
  path: Assets/Gutty Kreum/Free Japanese City Game Assets/Tiles/Tilemap_14.asset
  artifactKey: Guid(114bc38f66f37104c911aebd3f7e9d94) Importer(815301076,1909f56bfc062723c751e8b465ee728b)
Start importing Assets/Gutty Kreum/Free Japanese City Game Assets/Tiles/Tilemap_14.asset using Guid(114bc38f66f37104c911aebd3f7e9d94) Importer(815301076,1909f56bfc062723c751e8b465ee728b) (PreviewImporter) -> (artifact id: '0562ad163ebbd7d75efd41113e263ba8') in 0.0119142 seconds
Number of updated asset objects reloaded before import = 0Number of asset objects unloaded after import = 3

========================================================================
Received Import Request.
  Time since last request: 0.000018 seconds.
  path: Assets/Gutty Kreum/Free Japanese City Game Assets/Tiles/Tilemap_5.asset
  artifactKey: Guid(2f83f67252c21bb438bdc42aa0cc138f) Importer(815301076,1909f56bfc062723c751e8b465ee728b)
Start importing Assets/Gutty Kreum/Free Japanese City Game Assets/Tiles/Tilemap_5.asset using Guid(2f83f67252c21bb438bdc42aa0cc138f) Importer(815301076,1909f56bfc062723c751e8b465ee728b) (PreviewImporter) -> (artifact id: 'b3ed1f7bc2f7be304fb33bbd0f38219c') in 0.0136068 seconds
Number of updated asset objects reloaded before import = 0Number of asset objects unloaded after import = 3

========================================================================
Received Import Request.
  Time since last request: 0.000018 seconds.
  path: Assets/Gutty Kreum/Free Japanese City Game Assets/Tiles/Tilemap_29.asset
  artifactKey: Guid(2d274eb2db9f3e64a930f728957a4007) Importer(815301076,1909f56bfc062723c751e8b465ee728b)
Start importing Assets/Gutty Kreum/Free Japanese City Game Assets/Tiles/Tilemap_29.asset using Guid(2d274eb2db9f3e64a930f728957a4007) Importer(815301076,1909f56bfc062723c751e8b465ee728b) (PreviewImporter) -> (artifact id: '0e67771e11566a6e7909f34e0fc7e5b2') in 0.0125236 seconds
Number of updated asset objects reloaded before import = 0Number of asset objects unloaded after import = 3

========================================================================
Received Import Request.
  Time since last request: 0.000021 seconds.
  path: Assets/Gutty Kreum/Free Japanese City Game Assets/Tiles/Tilemap_65.asset
  artifactKey: Guid(090531a0736b6034aac9764addeca00d) Importer(815301076,1909f56bfc062723c751e8b465ee728b)
Start importing Assets/Gutty Kreum/Free Japanese City Game Assets/Tiles/Tilemap_65.asset using Guid(090531a0736b6034aac9764addeca00d) Importer(815301076,1909f56bfc062723c751e8b465ee728b) (PreviewImporter) -> (artifact id: '929829b9bc526b81b1e44329bdcedf8e') in 0.0116421 seconds
Number of updated asset objects reloaded before import = 0Number of asset objects unloaded after import = 3

========================================================================
Received Import Request.
  Time since last request: 0.000017 seconds.
  path: Assets/Gutty Kreum/Free Japanese City Game Assets/Tiles/Tilemap_19.asset
  artifactKey: Guid(de51c7d7d5918bf418541f72b03b92c0) Importer(815301076,1909f56bfc062723c751e8b465ee728b)
Start importing Assets/Gutty Kreum/Free Japanese City Game Assets/Tiles/Tilemap_19.asset using Guid(de51c7d7d5918bf418541f72b03b92c0) Importer(815301076,1909f56bfc062723c751e8b465ee728b) (PreviewImporter) -> (artifact id: 'ef7bcb66ef8075d051a4d453179fc455') in 0.013422 seconds
Number of updated asset objects reloaded before import = 0Number of asset objects unloaded after import = 3

========================================================================
Received Import Request.
  Time since last request: 0.000024 seconds.
  path: Assets/Gutty Kreum/Free Japanese City Game Assets/Tiles/Tilemap_60.asset
  artifactKey: Guid(44b94183c8a3641489ed30c5e711ec1b) Importer(815301076,1909f56bfc062723c751e8b465ee728b)
Start importing Assets/Gutty Kreum/Free Japanese City Game Assets/Tiles/Tilemap_60.asset using Guid(44b94183c8a3641489ed30c5e711ec1b) Importer(815301076,1909f56bfc062723c751e8b465ee728b) (PreviewImporter) -> (artifact id: '1446d234f975afd467dad4089d57b0a3') in 0.0117004 seconds
Number of updated asset objects reloaded before import = 0Number of asset objects unloaded after import = 3

========================================================================
Received Import Request.
  Time since last request: 0.000016 seconds.
  path: Assets/Gutty Kreum/Free Japanese City Game Assets/Tiles/Tilemap_47.asset
  artifactKey: Guid(7cfebd76effbad144974a7c665b70a87) Importer(815301076,1909f56bfc062723c751e8b465ee728b)
Start importing Assets/Gutty Kreum/Free Japanese City Game Assets/Tiles/Tilemap_47.asset using Guid(7cfebd76effbad144974a7c665b70a87) Importer(815301076,1909f56bfc062723c751e8b465ee728b) (PreviewImporter) -> (artifact id: 'e7920d32631c05bd52f84e7d84b4ef84') in 0.0130771 seconds
Number of updated asset objects reloaded before import = 0Number of asset objects unloaded after import = 3

========================================================================
Received Import Request.
  Time since last request: 0.000016 seconds.
  path: Assets/Gutty Kreum/Free Japanese City Game Assets/Tiles/Tilemap_46.asset
  artifactKey: Guid(3cc154a3c44b2be44b03f72dfeb33701) Importer(815301076,1909f56bfc062723c751e8b465ee728b)
Start importing Assets/Gutty Kreum/Free Japanese City Game Assets/Tiles/Tilemap_46.asset using Guid(3cc154a3c44b2be44b03f72dfeb33701) Importer(815301076,1909f56bfc062723c751e8b465ee728b) (PreviewImporter) -> (artifact id: 'ad8439efeb2cbdaa6949e8f30fb4e329') in 0.0127106 seconds
Number of updated asset objects reloaded before import = 0Number of asset objects unloaded after import = 3

========================================================================
Received Import Request.
  Time since last request: 0.000015 seconds.
  path: Assets/Gutty Kreum/Free Japanese City Game Assets/Tiles/Tilemap_4.asset
  artifactKey: Guid(1fd997bd3981ff44daf6137fc9c9bddb) Importer(815301076,1909f56bfc062723c751e8b465ee728b)
Start importing Assets/Gutty Kreum/Free Japanese City Game Assets/Tiles/Tilemap_4.asset using Guid(1fd997bd3981ff44daf6137fc9c9bddb) Importer(815301076,1909f56bfc062723c751e8b465ee728b) (PreviewImporter) -> (artifact id: 'df24d670b6ea14e556141f3a72f70282') in 0.0129128 seconds
Number of updated asset objects reloaded before import = 0Number of asset objects unloaded after import = 3

========================================================================
Received Import Request.
  Time since last request: 0.000028 seconds.
  path: Assets/Gutty Kreum/Free Japanese City Game Assets/Tiles/Tilemap_22.asset
  artifactKey: Guid(9860173b9c74d5244b64e084a44397d0) Importer(815301076,1909f56bfc062723c751e8b465ee728b)
Start importing Assets/Gutty Kreum/Free Japanese City Game Assets/Tiles/Tilemap_22.asset using Guid(9860173b9c74d5244b64e084a44397d0) Importer(815301076,1909f56bfc062723c751e8b465ee728b) (PreviewImporter) -> (artifact id: 'f025b57ec296789c49f094d09eca3f52') in 0.0124552 seconds
Number of updated asset objects reloaded before import = 0Number of asset objects unloaded after import = 3

========================================================================
Received Import Request.
  Time since last request: 0.000018 seconds.
  path: Assets/Gutty Kreum/Free Japanese City Game Assets/Tilemap/Tilemap.png
  artifactKey: Guid(e09a4527e4f1271488fac58fca49fd4b) Importer(815301076,1909f56bfc062723c751e8b465ee728b)
Start importing Assets/Gutty Kreum/Free Japanese City Game Assets/Tilemap/Tilemap.png using Guid(e09a4527e4f1271488fac58fca49fd4b) Importer(815301076,1909f56bfc062723c751e8b465ee728b) (PreviewImporter) -> (artifact id: 'f788d14b52171553ecf6139e164ec999') in 0.5484892 seconds
Number of updated asset objects reloaded before import = 0Number of asset objects unloaded after import = 400

========================================================================
Received Prepare
Begin MonoManager ReloadAssembly
- Loaded All Assemblies, in  0.684 seconds
Refreshing native plugins compatible for Editor in 2.02 ms, found 4 plugins.
Native extension for WindowsStandalone target not found
Mono: successfully reloaded assembly
- Finished resetting the current domain, in  0.779 seconds
Domain Reload Profiling: 1458ms
	BeginReloadAssembly (203ms)
		ExecutionOrderSort (0ms)
		DisableScriptedObjects (11ms)
		BackupInstance (0ms)
		ReleaseScriptingObjects (0ms)
		CreateAndSetChildDomain (49ms)
	RebuildCommonClasses (39ms)
	RebuildNativeTypeToScriptingClass (15ms)
	initialDomainReloadingComplete (31ms)
	LoadAllAssembliesAndSetupDomain (390ms)
		LoadAssemblies (351ms)
		RebuildTransferFunctionScriptingTraits (0ms)
		AnalyzeDomain (141ms)
			TypeCache.Refresh (5ms)
				TypeCache.ScanAssembly (0ms)
			BuildScriptInfoCaches (127ms)
			ResolveRequiredComponents (8ms)
	FinalizeReload (779ms)
		ReleaseScriptCaches (0ms)
		RebuildScriptCaches (0ms)
		SetupLoadedEditorAssemblies (533ms)
			LogAssemblyErrors (0ms)
			InitializePlatformSupportModulesInManaged (3ms)
			SetLoadedEditorAssemblies (6ms)
			BeforeProcessingInitializeOnLoad (73ms)
			ProcessInitializeOnLoadAttributes (395ms)
			ProcessInitializeOnLoadMethodAttributes (43ms)
			AfterProcessingInitializeOnLoad (13ms)
			EditorAssembliesLoaded (0ms)
		ExecutionOrderSort2 (0ms)
		AwakeInstancesAfterBackupRestoration (11ms)
Refreshing native plugins compatible for Editor in 1.99 ms, found 4 plugins.
Preloading 0 native plugins for Editor in 0.00 ms.
Unloading 0 Unused Serialized files (Serialized files now loaded: 0)
Unloading 4346 unused Assets / (0.8 MB). Loaded Objects now: 4946.
Memory consumption went from 113.0 MB to 112.2 MB.
Total: 7.503200 ms (FindLiveObjects: 0.575300 ms CreateObjectMapping: 0.229800 ms MarkObjects: 5.662600 ms  DeleteObjects: 1.034600 ms)

Prepare: number of updated asset objects reloaded= 0
========================================================================
Received Prepare
Begin MonoManager ReloadAssembly
- Loaded All Assemblies, in  0.679 seconds
Refreshing native plugins compatible for Editor in 2.54 ms, found 4 plugins.
Native extension for WindowsStandalone target not found
Mono: successfully reloaded assembly
- Finished resetting the current domain, in  0.746 seconds
Domain Reload Profiling: 1419ms
	BeginReloadAssembly (207ms)
		ExecutionOrderSort (0ms)
		DisableScriptedObjects (13ms)
		BackupInstance (0ms)
		ReleaseScriptingObjects (0ms)
		CreateAndSetChildDomain (55ms)
	RebuildCommonClasses (34ms)
	RebuildNativeTypeToScriptingClass (10ms)
	initialDomainReloadingComplete (29ms)
	LoadAllAssembliesAndSetupDomain (393ms)
		LoadAssemblies (347ms)
		RebuildTransferFunctionScriptingTraits (0ms)
		AnalyzeDomain (146ms)
			TypeCache.Refresh (6ms)
				TypeCache.ScanAssembly (0ms)
			BuildScriptInfoCaches (132ms)
			ResolveRequiredComponents (5ms)
	FinalizeReload (746ms)
		ReleaseScriptCaches (0ms)
		RebuildScriptCaches (0ms)
		SetupLoadedEditorAssemblies (521ms)
			LogAssemblyErrors (0ms)
			InitializePlatformSupportModulesInManaged (3ms)
			SetLoadedEditorAssemblies (5ms)
			BeforeProcessingInitializeOnLoad (78ms)
			ProcessInitializeOnLoadAttributes (383ms)
			ProcessInitializeOnLoadMethodAttributes (39ms)
			AfterProcessingInitializeOnLoad (13ms)
			EditorAssembliesLoaded (0ms)
		ExecutionOrderSort2 (0ms)
		AwakeInstancesAfterBackupRestoration (10ms)
Refreshing native plugins compatible for Editor in 1.92 ms, found 4 plugins.
Preloading 0 native plugins for Editor in 0.00 ms.
Unloading 0 Unused Serialized files (Serialized files now loaded: 0)
Unloading 4346 unused Assets / (0.9 MB). Loaded Objects now: 4948.
Memory consumption went from 113.0 MB to 112.1 MB.
Total: 6.358100 ms (FindLiveObjects: 0.488600 ms CreateObjectMapping: 0.305400 ms MarkObjects: 4.639300 ms  DeleteObjects: 0.923600 ms)

Prepare: number of updated asset objects reloaded= 0
========================================================================
Received Prepare
Begin MonoManager ReloadAssembly
- Loaded All Assemblies, in  0.697 seconds
Refreshing native plugins compatible for Editor in 1.81 ms, found 4 plugins.
Native extension for WindowsStandalone target not found
Mono: successfully reloaded assembly
- Finished resetting the current domain, in  0.774 seconds
Domain Reload Profiling: 1466ms
	BeginReloadAssembly (203ms)
		ExecutionOrderSort (0ms)
		DisableScriptedObjects (11ms)
		BackupInstance (0ms)
		ReleaseScriptingObjects (0ms)
		CreateAndSetChildDomain (48ms)
	RebuildCommonClasses (37ms)
	RebuildNativeTypeToScriptingClass (12ms)
	initialDomainReloadingComplete (30ms)
	LoadAllAssembliesAndSetupDomain (409ms)
		LoadAssemblies (359ms)
		RebuildTransferFunctionScriptingTraits (0ms)
		AnalyzeDomain (156ms)
			TypeCache.Refresh (6ms)
				TypeCache.ScanAssembly (0ms)
			BuildScriptInfoCaches (143ms)
			ResolveRequiredComponents (4ms)
	FinalizeReload (775ms)
		ReleaseScriptCaches (0ms)
		RebuildScriptCaches (0ms)
		SetupLoadedEditorAssemblies (547ms)
			LogAssemblyErrors (0ms)
			InitializePlatformSupportModulesInManaged (2ms)
			SetLoadedEditorAssemblies (7ms)
			BeforeProcessingInitializeOnLoad (86ms)
			ProcessInitializeOnLoadAttributes (398ms)
			ProcessInitializeOnLoadMethodAttributes (41ms)
			AfterProcessingInitializeOnLoad (13ms)
			EditorAssembliesLoaded (0ms)
		ExecutionOrderSort2 (0ms)
		AwakeInstancesAfterBackupRestoration (10ms)
Refreshing native plugins compatible for Editor in 2.83 ms, found 4 plugins.
Preloading 0 native plugins for Editor in 0.00 ms.
Unloading 0 Unused Serialized files (Serialized files now loaded: 0)
Unloading 4346 unused Assets / (1.1 MB). Loaded Objects now: 4950.
Memory consumption went from 113.0 MB to 111.9 MB.
Total: 8.625500 ms (FindLiveObjects: 0.769200 ms CreateObjectMapping: 0.789300 ms MarkObjects: 5.963300 ms  DeleteObjects: 1.102600 ms)

Prepare: number of updated asset objects reloaded= 0
========================================================================
Received Prepare
Begin MonoManager ReloadAssembly
- Loaded All Assemblies, in  0.703 seconds
Refreshing native plugins compatible for Editor in 2.58 ms, found 4 plugins.
Native extension for WindowsStandalone target not found
Mono: successfully reloaded assembly
- Finished resetting the current domain, in  0.791 seconds
Domain Reload Profiling: 1489ms
	BeginReloadAssembly (209ms)
		ExecutionOrderSort (0ms)
		DisableScriptedObjects (14ms)
		BackupInstance (0ms)
		ReleaseScriptingObjects (0ms)
		CreateAndSetChildDomain (53ms)
	RebuildCommonClasses (41ms)
	RebuildNativeTypeToScriptingClass (12ms)
	initialDomainReloadingComplete (35ms)
	LoadAllAssembliesAndSetupDomain (401ms)
		LoadAssemblies (359ms)
		RebuildTransferFunctionScriptingTraits (0ms)
		AnalyzeDomain (147ms)
			TypeCache.Refresh (6ms)
				TypeCache.ScanAssembly (0ms)
			BuildScriptInfoCaches (134ms)
			ResolveRequiredComponents (4ms)
	FinalizeReload (792ms)
		ReleaseScriptCaches (0ms)
		RebuildScriptCaches (0ms)
		SetupLoadedEditorAssemblies (542ms)
			LogAssemblyErrors (0ms)
			InitializePlatformSupportModulesInManaged (2ms)
			SetLoadedEditorAssemblies (5ms)
			BeforeProcessingInitializeOnLoad (82ms)
			ProcessInitializeOnLoadAttributes (396ms)
			ProcessInitializeOnLoadMethodAttributes (42ms)
			AfterProcessingInitializeOnLoad (14ms)
			EditorAssembliesLoaded (0ms)
		ExecutionOrderSort2 (0ms)
		AwakeInstancesAfterBackupRestoration (11ms)
Refreshing native plugins compatible for Editor in 2.09 ms, found 4 plugins.
Preloading 0 native plugins for Editor in 0.00 ms.
Unloading 0 Unused Serialized files (Serialized files now loaded: 0)
Unloading 4346 unused Assets / (0.8 MB). Loaded Objects now: 4952.
Memory consumption went from 113.0 MB to 112.2 MB.
Total: 6.438400 ms (FindLiveObjects: 0.481800 ms CreateObjectMapping: 0.223800 ms MarkObjects: 4.764500 ms  DeleteObjects: 0.967700 ms)

Prepare: number of updated asset objects reloaded= 0
========================================================================
Received Import Request.
  Time since last request: 8244.126433 seconds.
  path: Assets/Assety/ZedDole.png
  artifactKey: Guid(2956f75a9f660b7488fa2e653152ec07) Importer(815301076,1909f56bfc062723c751e8b465ee728b)
Start importing Assets/Assety/ZedDole.png using Guid(2956f75a9f660b7488fa2e653152ec07) Importer(815301076,1909f56bfc062723c751e8b465ee728b) (PreviewImporter) -> (artifact id: 'dc5cf132d743121977f3ed2bb4f52bcb') in 0.0781535 seconds
Number of updated asset objects reloaded before import = 0Number of asset objects unloaded after import = 3

========================================================================
Received Import Request.
  Time since last request: 0.000028 seconds.
  path: Assets/Assety/ZedPravo.png
  artifactKey: Guid(5983256f6b8eacc45a1af81df1889348) Importer(815301076,1909f56bfc062723c751e8b465ee728b)
Start importing Assets/Assety/ZedPravo.png using Guid(5983256f6b8eacc45a1af81df1889348) Importer(815301076,1909f56bfc062723c751e8b465ee728b) (PreviewImporter) -> (artifact id: 'd450d05248cc0ae57ad57d79435ebc45') in 0.0228973 seconds
Number of updated asset objects reloaded before import = 0Number of asset objects unloaded after import = 3

Editor requested this worker to shutdown with reason: Scaling down because of idle timeout
AssetImportWorker is now disconnected from the server
Process exiting
Exiting without the bug reporter. Application will terminate with return code 0